
> shared@0.1.0 build /Users/hutch/Documents/projects/yakyak/case_study/fucktyping/fucktyping/packages/shared
> tsc

../../../client/src/components/dashboard/ResponseViewer.tsx(44,37): error TS2769: No overload matches this call.
  Overload 1 of 4, '(value: string | number | Date): Date', gave the following error.
    Argument of type 'Date | null' is not assignable to parameter of type 'string | number | Date'.
      Type 'null' is not assignable to type 'string | number | Date'.
  Overload 2 of 4, '(value: string | number): Date', gave the following error.
    Argument of type 'Date | null' is not assignable to parameter of type 'string | number'.
      Type 'null' is not assignable to type 'string | number'.
../../../client/src/components/dashboard/ResponseViewer.tsx(183,33): error TS2345: Argument of type 'Date | null' is not assignable to parameter of type 'string | Date'.
  Type 'null' is not assignable to type 'string | Date'.
../../../client/src/components/dashboard/ResponseViewer.tsx(186,33): error TS2345: Argument of type 'Date | null' is not assignable to parameter of type 'string | Date'.
  Type 'null' is not assignable to type 'string | Date'.
../../../client/src/components/form-builder/FormBuilder.tsx(105,36): error TS2345: Argument of type '{ id?: number; title: string; description: string; requireAuth?: boolean; allowVoice?: boolean; emailNotification?: boolean; limitOneResponse?: boolean; emailSubject?: string; emailRecipients?: string; emailTemplate?: string; }' is not assignable to parameter of type '{ title: string; id: number; status: string | null; description: string | null; createdAt: Date | null; userId: number; categoryId: number | null; isActive: boolean | null; collectEmail: boolean | null; ... 9 more ...; updatedAt: Date | null; }'.
  Type '{ id?: number | undefined; title: string; description: string; requireAuth?: boolean | undefined; allowVoice?: boolean | undefined; emailNotification?: boolean | undefined; limitOneResponse?: boolean | undefined; emailSubject?: string | undefined; emailRecipients?: string | undefined; emailTemplate?: string | undefi...' is missing the following properties from type '{ title: string; id: number; status: string | null; description: string | null; createdAt: Date | null; userId: number; categoryId: number | null; isActive: boolean | null; collectEmail: boolean | null; ... 9 more ...; updatedAt: Date | null; }': status, createdAt, userId, categoryId, and 9 more.
../../../client/src/components/form-builder/FormBuilder.tsx(237,63): error TS2345: Argument of type '{ text: string; type: string; id: number; order: number; required: boolean | null; description: string | null; createdAt: Date | null; options: unknown; validation: unknown; formId: number; conversationRepair: unknown; } | Question' is not assignable to parameter of type 'Question'.
  Type '{ text: string; type: string; id: number; order: number; required: boolean | null; description: string | null; createdAt: Date | null; options: unknown; validation: unknown; formId: number; conversationRepair: unknown; }' is not assignable to type 'Question'.
    Types of property 'required' are incompatible.
      Type 'boolean | null' is not assignable to type 'boolean'.
        Type 'null' is not assignable to type 'boolean'.
../../../client/src/components/form-builder/FormBuilder.tsx(264,25): error TS2322: Type 'unknown' is not assignable to type 'ReactNode'.
../../../client/src/components/form-builder/FormBuilder.tsx(266,47): error TS2339: Property 'map' does not exist on type '{}'.
../../../client/src/components/form-builder/FormBuilder.tsx(266,52): error TS7006: Parameter 'option' implicitly has an 'any' type.
../../../client/src/components/form-builder/FormBuilder.tsx(266,60): error TS7006: Parameter 'i' implicitly has an 'any' type.
../../../client/src/hooks/useForm.tsx(13,5): error TS2769: No overload matches this call.
  Overload 1 of 3, '(options: DefinedInitialDataOptions<FormWithQuestions, Error, FormWithQuestions, QueryKey>, queryClient?: QueryClient | undefined): DefinedUseQueryResult<...>', gave the following error.
    Type 'string[] | null' is not assignable to type 'QueryKey'.
      Type 'null' is not assignable to type 'readonly unknown[]'.
  Overload 2 of 3, '(options: UndefinedInitialDataOptions<FormWithQuestions, Error, FormWithQuestions, QueryKey>, queryClient?: QueryClient | undefined): UseQueryResult<...>', gave the following error.
    Type 'string[] | null' is not assignable to type 'QueryKey'.
      Type 'null' is not assignable to type 'readonly unknown[]'.
  Overload 3 of 3, '(options: UseQueryOptions<FormWithQuestions, Error, FormWithQuestions, QueryKey>, queryClient?: QueryClient | undefined): UseQueryResult<...>', gave the following error.
    Type 'string[] | null' is not assignable to type 'QueryKey'.
      Type 'null' is not assignable to type 'readonly unknown[]'.
../../../client/src/hooks/useForm.tsx(15,17): error TS7006: Parameter 'formData' implicitly has an 'any' type.
../../../client/src/hooks/useForm.tsx(139,19): error TS2322: Type '{ text: string; type: string; id: number; order: number; required: boolean | null; description: string | null; createdAt: Date | null; options: unknown; validation: unknown; formId: number; conversationRepair: unknown; } | { ...; }' is not assignable to type '{ text: string; type: string; id: number; order: number; required: boolean | null; description: string | null; createdAt: Date | null; options: unknown; validation: unknown; formId: number; conversationRepair: unknown; }'.
  Type '{ id: number; formId: number; text: string; type: string; order: number; options: {} | null; required: boolean; createdAt: Date; }' is missing the following properties from type '{ text: string; type: string; id: number; order: number; required: boolean | null; description: string | null; createdAt: Date | null; options: unknown; validation: unknown; formId: number; conversationRepair: unknown; }': description, validation, conversationRepair
../../../client/src/hooks/useForm.tsx(139,33): error TS2739: Type '{ id: number; formId: number; text: string; type: string; order: number; options: {} | null; required: boolean; createdAt: Date; }' is missing the following properties from type '{ text: string; type: string; id: number; order: number; required: boolean | null; description: string | null; createdAt: Date | null; options: unknown; validation: unknown; formId: number; conversationRepair: unknown; }': description, validation, conversationRepair
../../../client/src/pages/Dashboard.tsx(8,23): error TS7016: Could not find a declaration file for module '../components/dashboard/Analytics'. '/Users/hutch/Documents/projects/yakyak/case_study/fucktyping/client/src/components/dashboard/Analytics.jsx' implicitly has an 'any' type.
../../../client/src/pages/EditForm.tsx(37,11): error TS2739: Type '{ id: number; formId: number; text: string; type: string; order: number; options: string[]; required: true; createdAt: Date; }' is missing the following properties from type '{ text: string; type: string; id: number; order: number; required: boolean | null; description: string | null; createdAt: Date | null; options: unknown; validation: unknown; formId: number; conversationRepair: unknown; }': description, validation, conversationRepair
../../../client/src/pages/EditForm.tsx(47,11): error TS2739: Type '{ id: number; formId: number; text: string; type: string; order: number; options: string[]; required: true; createdAt: Date; }' is missing the following properties from type '{ text: string; type: string; id: number; order: number; required: boolean | null; description: string | null; createdAt: Date | null; options: unknown; validation: unknown; formId: number; conversationRepair: unknown; }': description, validation, conversationRepair
../../../client/src/pages/EditForm.tsx(57,11): error TS2739: Type '{ id: number; formId: number; text: string; type: string; order: number; options: null; required: true; createdAt: Date; }' is missing the following properties from type '{ text: string; type: string; id: number; order: number; required: boolean | null; description: string | null; createdAt: Date | null; options: unknown; validation: unknown; formId: number; conversationRepair: unknown; }': description, validation, conversationRepair
../../../client/src/pages/FormBuilder.tsx(16,19): error TS7016: Could not find a declaration file for module '../components/common/Modal'. '/Users/hutch/Documents/projects/yakyak/case_study/fucktyping/client/src/components/common/Modal.jsx' implicitly has an 'any' type.
../../../client/src/pages/FormBuilder.tsx(51,5): error TS2339: Property 'isLoading' does not exist on type '{ form: TQueryFnData; questions: { text: string; type: string; id: number; order: number; required: boolean | null; description: string | null; createdAt: Date | null; options: unknown; validation: unknown; formId: number; conversationRepair: unknown; }[]; ... 5 more ...; updateQuestion: (index: number, updatedQuest...'.
../../../client/src/pages/FormBuilder.tsx(52,5): error TS2339: Property 'showQuestionModal' does not exist on type '{ form: TQueryFnData; questions: { text: string; type: string; id: number; order: number; required: boolean | null; description: string | null; createdAt: Date | null; options: unknown; validation: unknown; formId: number; conversationRepair: unknown; }[]; ... 5 more ...; updateQuestion: (index: number, updatedQuest...'.
../../../client/src/pages/FormBuilder.tsx(53,5): error TS2339: Property 'currentQuestion' does not exist on type '{ form: TQueryFnData; questions: { text: string; type: string; id: number; order: number; required: boolean | null; description: string | null; createdAt: Date | null; options: unknown; validation: unknown; formId: number; conversationRepair: unknown; }[]; ... 5 more ...; updateQuestion: (index: number, updatedQuest...'.
../../../client/src/pages/FormBuilder.tsx(54,5): error TS2339: Property 'setShowQuestionModal' does not exist on type '{ form: TQueryFnData; questions: { text: string; type: string; id: number; order: number; required: boolean | null; description: string | null; createdAt: Date | null; options: unknown; validation: unknown; formId: number; conversationRepair: unknown; }[]; ... 5 more ...; updateQuestion: (index: number, updatedQuest...'.
../../../client/src/pages/FormBuilder.tsx(55,5): error TS2339: Property 'updateFormField' does not exist on type '{ form: TQueryFnData; questions: { text: string; type: string; id: number; order: number; required: boolean | null; description: string | null; createdAt: Date | null; options: unknown; validation: unknown; formId: number; conversationRepair: unknown; }[]; ... 5 more ...; updateQuestion: (index: number, updatedQuest...'.
../../../client/src/pages/FormBuilder.tsx(56,5): error TS2339: Property 'handleAddQuestion' does not exist on type '{ form: TQueryFnData; questions: { text: string; type: string; id: number; order: number; required: boolean | null; description: string | null; createdAt: Date | null; options: unknown; validation: unknown; formId: number; conversationRepair: unknown; }[]; ... 5 more ...; updateQuestion: (index: number, updatedQuest...'.
../../../client/src/pages/FormBuilder.tsx(57,5): error TS2339: Property 'handleEditQuestion' does not exist on type '{ form: TQueryFnData; questions: { text: string; type: string; id: number; order: number; required: boolean | null; description: string | null; createdAt: Date | null; options: unknown; validation: unknown; formId: number; conversationRepair: unknown; }[]; ... 5 more ...; updateQuestion: (index: number, updatedQuest...'.
../../../client/src/pages/FormBuilder.tsx(58,5): error TS2339: Property 'handleDeleteQuestion' does not exist on type '{ form: TQueryFnData; questions: { text: string; type: string; id: number; order: number; required: boolean | null; description: string | null; createdAt: Date | null; options: unknown; validation: unknown; formId: number; conversationRepair: unknown; }[]; ... 5 more ...; updateQuestion: (index: number, updatedQuest...'.
../../../client/src/pages/FormBuilder.tsx(59,5): error TS2339: Property 'handleSaveQuestion' does not exist on type '{ form: TQueryFnData; questions: { text: string; type: string; id: number; order: number; required: boolean | null; description: string | null; createdAt: Date | null; options: unknown; validation: unknown; formId: number; conversationRepair: unknown; }[]; ... 5 more ...; updateQuestion: (index: number, updatedQuest...'.
../../../client/src/pages/FormBuilder.tsx(60,5): error TS2339: Property 'handleSaveForm' does not exist on type '{ form: TQueryFnData; questions: { text: string; type: string; id: number; order: number; required: boolean | null; description: string | null; createdAt: Date | null; options: unknown; validation: unknown; formId: number; conversationRepair: unknown; }[]; ... 5 more ...; updateQuestion: (index: number, updatedQuest...'.
../../../client/src/pages/FormBuilder.tsx(86,5): error TS2552: Cannot find name 'setQuestions'. Did you mean 'questions'?
../../../client/src/pages/FormBuilder.tsx(120,11): error TS2322: Type 'NonNullable<TQueryFnData>' is not assignable to type 'Form | undefined'.
  Type '{}' is missing the following properties from type 'Form': title, description
../../../client/src/pages/FormBuilder.tsx(121,11): error TS2322: Type '{ text: string; type: string; id: number; order: number; required: boolean | null; description: string | null; createdAt: Date | null; options: unknown; validation: unknown; formId: number; conversationRepair: unknown; }[]' is not assignable to type 'Question[]'.
  Type '{ text: string; type: string; id: number; order: number; required: boolean | null; description: string | null; createdAt: Date | null; options: unknown; validation: unknown; formId: number; conversationRepair: unknown; }' is not assignable to type 'Question'.
    Types of property 'required' are incompatible.
      Type 'boolean | null' is not assignable to type 'boolean'.
        Type 'null' is not assignable to type 'boolean'.
../../../client/src/pages/FormBuilder.tsx(136,13): error TS2322: Type '{ question: any; onSave: any; onCancel: () => any; }' is not assignable to type 'IntrinsicAttributes & QuestionEditorProps'.
  Property 'onSave' does not exist on type 'IntrinsicAttributes & QuestionEditorProps'.
../../../client/src/pages/FormBuilder.tsx(336,29): error TS2322: Type '{ text: string; type: string; id: number; order: number; required: boolean | null; description: string | null; createdAt: Date | null; options: unknown; validation: unknown; formId: number; conversationRepair: unknown; }' is not assignable to type '{ id: string | number; text: string; type: string; order: number; options: string[] | null; required: boolean; description?: string | undefined; validation?: { min: number; max: number; } | undefined; }'.
  Types of property 'options' are incompatible.
    Type 'unknown' is not assignable to type 'string[] | null'.
../../../client/src/pages/FormBuilder.tsx(341,31): error TS2552: Cannot find name 'setQuestions'. Did you mean 'newQuestions'?
../../../client/src/pages/FormBuilder.tsx(344,31): error TS2552: Cannot find name 'setQuestions'. Did you mean 'question'?
../../../client/src/pages/FormResponder.tsx(5,10): error TS2459: Module '"../services/api"' declares 'apiRequest' locally, but it is not exported.
../../../client/src/pages/FormResponder.tsx(11,18): error TS7016: Could not find a declaration file for module '../components/common/Card'. '/Users/hutch/Documents/projects/yakyak/case_study/fucktyping/client/src/components/common/Card.jsx' implicitly has an 'any' type.
../../../client/src/pages/FormResponder.tsx(14,25): error TS7031: Binding element 'children' implicitly has an 'any' type.
../../../client/src/pages/FormResponder.tsx(20,24): error TS7031: Binding element 'children' implicitly has an 'any' type.
../../../client/src/pages/FormResponder.tsx(33,15): error TS7006: Parameter 'message' implicitly has an 'any' type.
../../../client/src/pages/FormResponder.tsx(34,13): error TS7006: Parameter 'message' implicitly has an 'any' type.
../../../client/src/pages/FormResponder.tsx(40,64): error TS2551: Property 'notification' does not exist on type 'Window & typeof globalThis'. Did you mean 'Notification'?
../../../client/src/pages/FormResponder.tsx(40,86): error TS2551: Property 'notification' does not exist on type 'Window & typeof globalThis'. Did you mean 'Notification'?
../../../client/src/pages/FormsPage.tsx(107,40): error TS2769: No overload matches this call.
  Overload 1 of 4, '(value: string | number | Date): Date', gave the following error.
    Argument of type 'Date | null' is not assignable to parameter of type 'string | number | Date'.
      Type 'null' is not assignable to type 'string | number | Date'.
  Overload 2 of 4, '(value: string | number): Date', gave the following error.
    Argument of type 'Date | null' is not assignable to parameter of type 'string | number'.
      Type 'null' is not assignable to type 'string | number'.
../../../client/src/pages/FormsPage.tsx(110,27): error TS2345: Argument of type 'string | null' is not assignable to parameter of type 'string'.
  Type 'null' is not assignable to type 'string'.
../../../client/src/pages/FormsPage.tsx(262,49): error TS2322: Type 'string | null' is not assignable to type 'Color | undefined'.
  Type 'null' is not assignable to type 'Color | undefined'.
../../../client/src/pages/FormsPage.tsx(448,56): error TS2322: Type 'string | null' is not assignable to type 'Color | undefined'.
  Type 'null' is not assignable to type 'Color | undefined'.
../../../client/src/pages/ResponsesPage.tsx(106,17): error TS2322: Type '{ id: number; formId: number; text: string; type: any; required: boolean; order: number; options: string[] | null; createdAt: Date; }[]' is not assignable to type '{ text: string; type: string; id: number; order: number; required: boolean | null; description: string | null; createdAt: Date | null; options: unknown; validation: unknown; formId: number; conversationRepair: unknown; }[]'.
  Type '{ id: number; formId: number; text: string; type: any; required: boolean; order: number; options: string[] | null; createdAt: Date; }' is missing the following properties from type '{ text: string; type: string; id: number; order: number; required: boolean | null; description: string | null; createdAt: Date | null; options: unknown; validation: unknown; formId: number; conversationRepair: unknown; }': description, validation, conversationRepair
../../../client/src/pages/VoiceAgentPage.tsx(2,24): error TS2307: Cannot find module 'react-helmet' or its corresponding type declarations.
../../../client/src/services/mockData.ts(21,7): error TS2739: Type '{ id: number; formId: number; text: string; type: string; order: number; required: true; options: string[]; createdAt: Date; }' is missing the following properties from type '{ text: string; type: string; id: number; order: number; required: boolean | null; description: string | null; createdAt: Date | null; options: unknown; validation: unknown; formId: number; conversationRepair: unknown; }': description, validation, conversationRepair
../../../client/src/services/mockData.ts(31,7): error TS2739: Type '{ id: number; formId: number; text: string; type: string; order: number; required: false; options: null; createdAt: Date; }' is missing the following properties from type '{ text: string; type: string; id: number; order: number; required: boolean | null; description: string | null; createdAt: Date | null; options: unknown; validation: unknown; formId: number; conversationRepair: unknown; }': description, validation, conversationRepair
../../../client/src/services/mockData.ts(41,7): error TS2739: Type '{ id: number; formId: number; text: string; type: string; order: number; required: true; options: string[]; createdAt: Date; }' is missing the following properties from type '{ text: string; type: string; id: number; order: number; required: boolean | null; description: string | null; createdAt: Date | null; options: unknown; validation: unknown; formId: number; conversationRepair: unknown; }': description, validation, conversationRepair
../../../client/src/services/mockData.ts(69,7): error TS2739: Type '{ id: number; formId: number; text: string; type: string; order: number; required: true; options: null; }' is missing the following properties from type '{ text: string; type: string; id: number; order: number; required: boolean | null; description: string | null; createdAt: Date | null; options: unknown; validation: unknown; formId: number; conversationRepair: unknown; }': description, createdAt, validation, conversationRepair
../../../client/src/services/mockData.ts(78,7): error TS2739: Type '{ id: number; formId: number; text: string; type: string; order: number; required: true; options: null; }' is missing the following properties from type '{ text: string; type: string; id: number; order: number; required: boolean | null; description: string | null; createdAt: Date | null; options: unknown; validation: unknown; formId: number; conversationRepair: unknown; }': description, createdAt, validation, conversationRepair
../../../client/src/services/mockData.ts(87,7): error TS2739: Type '{ id: number; formId: number; text: string; type: string; order: number; required: true; options: string[]; }' is missing the following properties from type '{ text: string; type: string; id: number; order: number; required: boolean | null; description: string | null; createdAt: Date | null; options: unknown; validation: unknown; formId: number; conversationRepair: unknown; }': description, createdAt, validation, conversationRepair
../../../client/src/services/mockData.ts(96,7): error TS2739: Type '{ id: number; formId: number; text: string; type: string; order: number; required: true; options: null; }' is missing the following properties from type '{ text: string; type: string; id: number; order: number; required: boolean | null; description: string | null; createdAt: Date | null; options: unknown; validation: unknown; formId: number; conversationRepair: unknown; }': description, createdAt, validation, conversationRepair
../../../client/src/services/mockData.ts(123,7): error TS2739: Type '{ id: number; formId: number; text: string; type: string; order: number; required: true; options: string[]; }' is missing the following properties from type '{ text: string; type: string; id: number; order: number; required: boolean | null; description: string | null; createdAt: Date | null; options: unknown; validation: unknown; formId: number; conversationRepair: unknown; }': description, createdAt, validation, conversationRepair
../../../client/src/services/mockData.ts(132,7): error TS2739: Type '{ id: number; formId: number; text: string; type: string; order: number; required: true; options: null; }' is missing the following properties from type '{ text: string; type: string; id: number; order: number; required: boolean | null; description: string | null; createdAt: Date | null; options: unknown; validation: unknown; formId: number; conversationRepair: unknown; }': description, createdAt, validation, conversationRepair
../../../client/src/services/mockData.ts(141,7): error TS2739: Type '{ id: number; formId: number; text: string; type: string; order: number; required: true; options: string[]; }' is missing the following properties from type '{ text: string; type: string; id: number; order: number; required: boolean | null; description: string | null; createdAt: Date | null; options: unknown; validation: unknown; formId: number; conversationRepair: unknown; }': description, createdAt, validation, conversationRepair
../../../client/src/services/mockData.ts(167,7): error TS2739: Type '{ id: number; formId: number; text: string; type: string; order: number; required: true; options: string[]; }' is missing the following properties from type '{ text: string; type: string; id: number; order: number; required: boolean | null; description: string | null; createdAt: Date | null; options: unknown; validation: unknown; formId: number; conversationRepair: unknown; }': description, createdAt, validation, conversationRepair
../../../client/src/services/mockData.ts(176,7): error TS2739: Type '{ id: number; formId: number; text: string; type: string; order: number; required: true; options: null; }' is missing the following properties from type '{ text: string; type: string; id: number; order: number; required: boolean | null; description: string | null; createdAt: Date | null; options: unknown; validation: unknown; formId: number; conversationRepair: unknown; }': description, createdAt, validation, conversationRepair
../../../client/src/services/mockData.ts(202,7): error TS2739: Type '{ id: number; formId: number; text: string; type: string; order: number; required: true; options: string[]; }' is missing the following properties from type '{ text: string; type: string; id: number; order: number; required: boolean | null; description: string | null; createdAt: Date | null; options: unknown; validation: unknown; formId: number; conversationRepair: unknown; }': description, createdAt, validation, conversationRepair
../../../client/src/services/mockData.ts(211,7): error TS2739: Type '{ id: number; formId: number; text: string; type: string; order: number; required: true; options: string[]; }' is missing the following properties from type '{ text: string; type: string; id: number; order: number; required: boolean | null; description: string | null; createdAt: Date | null; options: unknown; validation: unknown; formId: number; conversationRepair: unknown; }': description, createdAt, validation, conversationRepair
../../../client/src/services/mockData.ts(237,7): error TS2739: Type '{ id: number; formId: number; text: string; type: string; order: number; required: true; options: string[]; }' is missing the following properties from type '{ text: string; type: string; id: number; order: number; required: boolean | null; description: string | null; createdAt: Date | null; options: unknown; validation: unknown; formId: number; conversationRepair: unknown; }': description, createdAt, validation, conversationRepair
../../../client/src/services/mockData.ts(256,22): error TS2345: Argument of type '{ id: number; formId: number; respondentName: string; respondentEmail: string; completedAt: Date | null; createdAt: Date; }' is not assignable to parameter of type '{ id: number; status: string | null; createdAt: Date | null; formId: number; respondentName: string | null; respondentEmail: string | null; starred: boolean | null; sentiment: number | null; ipAddress: string | null; device: string | null; browser: string | null; completedAt: Date | null; }'.
  Type '{ id: number; formId: number; respondentName: string; respondentEmail: string; completedAt: Date | null; createdAt: Date; }' is missing the following properties from type '{ id: number; status: string | null; createdAt: Date | null; formId: number; respondentName: string | null; respondentEmail: string | null; starred: boolean | null; sentiment: number | null; ipAddress: string | null; device: string | null; browser: string | null; completedAt: Date | null; }': status, starred, sentiment, ipAddress, and 2 more.
../../../client/src/services/mockData.ts(268,22): error TS2345: Argument of type '{ id: number; formId: number; respondentName: string; respondentEmail: string; completedAt: Date | null; createdAt: Date; }' is not assignable to parameter of type '{ id: number; status: string | null; createdAt: Date | null; formId: number; respondentName: string | null; respondentEmail: string | null; starred: boolean | null; sentiment: number | null; ipAddress: string | null; device: string | null; browser: string | null; completedAt: Date | null; }'.
  Type '{ id: number; formId: number; respondentName: string; respondentEmail: string; completedAt: Date | null; createdAt: Date; }' is missing the following properties from type '{ id: number; status: string | null; createdAt: Date | null; formId: number; respondentName: string | null; respondentEmail: string | null; starred: boolean | null; sentiment: number | null; ipAddress: string | null; device: string | null; browser: string | null; completedAt: Date | null; }': status, starred, sentiment, ipAddress, and 2 more.
../../../client/src/services/mockData.ts(280,22): error TS2345: Argument of type '{ id: number; formId: number; respondentName: string; respondentEmail: string; completedAt: Date | null; createdAt: Date; }' is not assignable to parameter of type '{ id: number; status: string | null; createdAt: Date | null; formId: number; respondentName: string | null; respondentEmail: string | null; starred: boolean | null; sentiment: number | null; ipAddress: string | null; device: string | null; browser: string | null; completedAt: Date | null; }'.
  Type '{ id: number; formId: number; respondentName: string; respondentEmail: string; completedAt: Date | null; createdAt: Date; }' is missing the following properties from type '{ id: number; status: string | null; createdAt: Date | null; formId: number; respondentName: string | null; respondentEmail: string | null; starred: boolean | null; sentiment: number | null; ipAddress: string | null; device: string | null; browser: string | null; completedAt: Date | null; }': status, starred, sentiment, ipAddress, and 2 more.
../../../client/src/services/mockData.ts(292,3): error TS2739: Type '{ id: number; formId: number; text: string; type: string; order: number; required: true; options: string[]; createdAt: Date; }' is missing the following properties from type '{ text: string; type: string; id: number; order: number; required: boolean | null; description: string | null; createdAt: Date | null; options: unknown; validation: unknown; formId: number; conversationRepair: unknown; }': description, validation, conversationRepair
../../../client/src/services/mockData.ts(302,3): error TS2739: Type '{ id: number; formId: number; text: string; type: string; order: number; required: true; options: null; createdAt: Date; }' is missing the following properties from type '{ text: string; type: string; id: number; order: number; required: boolean | null; description: string | null; createdAt: Date | null; options: unknown; validation: unknown; formId: number; conversationRepair: unknown; }': description, validation, conversationRepair
../../../client/src/services/mockData.ts(312,3): error TS2739: Type '{ id: number; formId: number; text: string; type: string; order: number; required: true; options: string[]; createdAt: Date; }' is missing the following properties from type '{ text: string; type: string; id: number; order: number; required: boolean | null; description: string | null; createdAt: Date | null; options: unknown; validation: unknown; formId: number; conversationRepair: unknown; }': description, validation, conversationRepair
../../../client/src/services/mockData.ts(322,3): error TS2739: Type '{ id: number; formId: number; text: string; type: string; order: number; required: false; options: null; createdAt: Date; }' is missing the following properties from type '{ text: string; type: string; id: number; order: number; required: boolean | null; description: string | null; createdAt: Date | null; options: unknown; validation: unknown; formId: number; conversationRepair: unknown; }': description, validation, conversationRepair
../../../server/databaseStorage.ts(13,14): error TS2420: Class 'DatabaseStorage' incorrectly implements interface 'IStorage'.
  Type 'DatabaseStorage' is missing the following properties from type 'IStorage': getVoiceAgent, getVoiceAgentByFormId, getVoiceAgentWithDetails, createVoiceAgent, and 16 more.
../../../server/routes.ts(18,38): error TS7016: Could not find a declaration file for module './controllers/voiceFormController.js'. '/Users/hutch/Documents/projects/yakyak/case_study/fucktyping/server/controllers/voiceFormController.js' implicitly has an 'any' type.
../../../server/services/groqService.ts(45,7): error TS2353: Object literal may only specify known properties, and 'temperature' does not exist in type 'Partial<ChatGroqCallOptions>'.
../../../server/storage.ts(136,11): error TS2322: Type '{ createdAt: Date; username: string; password: string; displayName?: string | null | undefined; email?: string | null | undefined; avatarUrl?: string | null | undefined; id: number; }' is not assignable to type '{ id: number; displayName: string | null; email: string | null; username: string; password: string; avatarUrl: string | null; createdAt: Date | null; }'.
  Types of property 'displayName' are incompatible.
    Type 'string | null | undefined' is not assignable to type 'string | null'.
      Type 'undefined' is not assignable to type 'string | null'.
../../../server/storage.ts(202,11): error TS2322: Type '{ createdAt: Date; name: string; userId: number; color?: string | null | undefined; description?: string | null | undefined; icon?: string | null | undefined; id: number; }' is not assignable to type '{ id: number; color: string | null; name: string; description: string | null; createdAt: Date | null; userId: number; icon: string | null; }'.
  Types of property 'color' are incompatible.
    Type 'string | null | undefined' is not assignable to type 'string | null'.
      Type 'undefined' is not assignable to type 'string | null'.
../../../server/storage.ts(262,11): error TS2322: Type '{ createdAt: Date; updatedAt: Date; title: string; userId: number; status?: string | null | undefined; description?: string | null | undefined; categoryId?: number | null | undefined; ... 11 more ...; id: number; }' is not assignable to type '{ title: string; id: number; status: string | null; description: string | null; createdAt: Date | null; userId: number; categoryId: number | null; isActive: boolean | null; collectEmail: boolean | null; ... 9 more ...; updatedAt: Date | null; }'.
  Types of property 'status' are incompatible.
    Type 'string | null | undefined' is not assignable to type 'string | null'.
      Type 'undefined' is not assignable to type 'string | null'.
../../../server/storage.ts(303,11): error TS2322: Type '{ createdAt: Date; text: string; type: string; order: number; formId: number; required?: boolean | null | undefined; description?: string | null | undefined; options?: Json | undefined; validation?: Json | undefined; conversationRepair?: Json | undefined; id: number; }' is not assignable to type '{ text: string; type: string; id: number; order: number; required: boolean | null; description: string | null; createdAt: Date | null; options: unknown; validation: unknown; formId: number; conversationRepair: unknown; }'.
  Types of property 'required' are incompatible.
    Type 'boolean | null | undefined' is not assignable to type 'boolean | null'.
      Type 'undefined' is not assignable to type 'boolean | null'.
../../../server/storage.ts(347,23): error TS18047: 'b.createdAt' is possibly 'null'.
../../../server/storage.ts(347,47): error TS18047: 'a.createdAt' is possibly 'null'.
../../../server/storage.ts(353,11): error TS2322: Type '{ completedAt: Date; createdAt: Date; formId: number; status?: string | null | undefined; respondentName?: string | null | undefined; respondentEmail?: string | null | undefined; ... 5 more ...; id: number; }' is not assignable to type '{ id: number; status: string | null; createdAt: Date | null; formId: number; respondentName: string | null; respondentEmail: string | null; starred: boolean | null; sentiment: number | null; ipAddress: string | null; device: string | null; browser: string | null; completedAt: Date | null; }'.
  Types of property 'status' are incompatible.
    Type 'string | null | undefined' is not assignable to type 'string | null'.
      Type 'undefined' is not assignable to type 'string | null'.
../../../server/storage.ts(376,11): error TS2322: Type '{ createdAt: Date; responseId: number; questionId: number; answerText?: string | null | undefined; answerValue?: number | null | undefined; originalTranscript?: string | null | undefined; confidence?: number | ... 1 more ... | undefined; audioUrl?: string | ... 1 more ... | undefined; processingDetails?: Json | unde...' is not assignable to type '{ id: number; createdAt: Date | null; responseId: number; questionId: number; answerText: string | null; answerValue: number | null; originalTranscript: string | null; confidence: number | null; audioUrl: string | null; processingDetails: unknown; }'.
  Types of property 'answerText' are incompatible.
    Type 'string | null | undefined' is not assignable to type 'string | null'.
      Type 'undefined' is not assignable to type 'string | null'.
../../../server/storage.ts(398,11): error TS2322: Type '{ createdAt: Date; updatedAt: Date; responseId: number; metadata?: Json | undefined; duration?: number | null | undefined; state?: Json | undefined; formId?: number | null | undefined; ... 4 more ...; id: number; }' is not assignable to type '{ metadata: unknown; id: number; duration: number | null; state: unknown; createdAt: Date | null; updatedAt: Date | null; formId: number | null; responseId: number; transcript: string | null; aiSettings: unknown; agentPersona: string | null; interactionCount: number | null; }'.
  Property 'metadata' is optional in type '{ createdAt: Date; updatedAt: Date; responseId: number; metadata?: Json | undefined; duration?: number | null | undefined; state?: Json | undefined; formId?: number | null | undefined; ... 4 more ...; id: number; }' but required in type '{ metadata: unknown; id: number; duration: number | null; state: unknown; createdAt: Date | null; updatedAt: Date | null; formId: number | null; responseId: number; transcript: string | null; aiSettings: unknown; agentPersona: string | null; interactionCount: number | null; }'.
../../../server/storage.ts(429,23): error TS18047: 'a.timestamp' is possibly 'null'.
../../../server/storage.ts(429,47): error TS18047: 'b.timestamp' is possibly 'null'.
../../../server/storage.ts(435,11): error TS2322: Type '{ timestamp: Date; role: string; content: string; conversationId: number; metadata?: Json | undefined; sentiment?: number | null | undefined; questionId?: number | null | undefined; originalAudio?: string | ... 1 more ... | undefined; processedContent?: string | ... 1 more ... | undefined; tokens?: number | ... 1 mo...' is not assignable to type '{ metadata: unknown; id: number; role: string; content: string; sentiment: number | null; questionId: number | null; conversationId: number; originalAudio: string | null; processedContent: string | null; tokens: number | null; timestamp: Date | null; }'.
  Property 'metadata' is optional in type '{ timestamp: Date; role: string; content: string; conversationId: number; metadata?: Json | undefined; sentiment?: number | null | undefined; questionId?: number | null | undefined; originalAudio?: string | ... 1 more ... | undefined; processedContent?: string | ... 1 more ... | undefined; tokens?: number | ... 1 mo...' but required in type '{ metadata: unknown; id: number; role: string; content: string; sentiment: number | null; questionId: number | null; conversationId: number; originalAudio: string | null; processedContent: string | null; tokens: number | null; timestamp: Date | null; }'.
../../../server/storage.ts(473,11): error TS2322: Type '{ createdAt: Date; updatedAt: Date; name: string; formId: number; metadata?: Json | undefined; description?: string | null | undefined; isActive?: boolean | null | undefined; ... 4 more ...; id: number; }' is not assignable to type '{ metadata: unknown; id: number; name: string; description: string | null; createdAt: Date | null; isActive: boolean | null; updatedAt: Date | null; formId: number; aiModel: string | null; temperature: number | null; systemPrompt: string | null; maxTokens: number | null; }'.
  Property 'metadata' is optional in type '{ createdAt: Date; updatedAt: Date; name: string; formId: number; metadata?: Json | undefined; description?: string | null | undefined; isActive?: boolean | null | undefined; ... 4 more ...; id: number; }' but required in type '{ metadata: unknown; id: number; name: string; description: string | null; createdAt: Date | null; isActive: boolean | null; updatedAt: Date | null; formId: number; aiModel: string | null; temperature: number | null; systemPrompt: string | null; maxTokens: number | null; }'.
../../../server/storage.ts(524,11): error TS2741: Property 'updatedAt' is missing in type '{ createdAt: Date; name: string; agentId: number; nodeType: string; nodeId: string; order?: number | null | undefined; description?: string | null | undefined; prompt?: string | null | undefined; configuration?: Json | undefined; id: number; }' but required in type '{ id: number; name: string; order: number | null; description: string | null; createdAt: Date | null; updatedAt: Date | null; agentId: number; nodeType: string; nodeId: string; prompt: string | null; configuration: unknown; }'.
../../../server/storage.ts(562,11): error TS2322: Type '{ createdAt: Date; agentId: number; fromNodeId: string; toNodeId: string; condition?: Json | undefined; isDefault?: boolean | null | undefined; id: number; }' is not assignable to type '{ id: number; createdAt: Date | null; agentId: number; fromNodeId: string; toNodeId: string; condition: unknown; isDefault: boolean | null; }'.
  Property 'condition' is optional in type '{ createdAt: Date; agentId: number; fromNodeId: string; toNodeId: string; condition?: Json | undefined; isDefault?: boolean | null | undefined; id: number; }' but required in type '{ id: number; createdAt: Date | null; agentId: number; fromNodeId: string; toNodeId: string; condition: unknown; isDefault: boolean | null; }'.
../../../server/storage.ts(591,7): error TS2353: Object literal may only specify known properties, and 'createdAt' does not exist in type '{ metadata: unknown; id: number; completedAt: Date | null; conversationId: number | null; agentId: number; sessionState: unknown; currentNodeId: string; isComplete: boolean | null; startedAt: Date | null; }'.
../../../server/storage.ts(605,7): error TS2353: Object literal may only specify known properties, and 'updatedAt' does not exist in type '{ metadata: unknown; id: number; completedAt: Date | null; conversationId: number | null; agentId: number; sessionState: unknown; currentNodeId: string; isComplete: boolean | null; startedAt: Date | null; }'.
../../../server/storage.ts(621,7): error TS2561: Object literal may only specify known properties, but 'model' does not exist in type '{ name: string; formId: number; metadata?: Json | undefined; description?: string | null | undefined; isActive?: boolean | null | undefined; aiModel?: string | null | undefined; temperature?: number | ... 1 more ... | undefined; systemPrompt?: string | ... 1 more ... | undefined; maxTokens?: number | ... 1 more ... ...'. Did you mean to write 'aiModel'?
../../../server/storage.ts(638,7): error TS2353: Object literal may only specify known properties, and 'content' does not exist in type '{ name: string; agentId: number; nodeType: string; nodeId: string; order?: number | null | undefined; description?: string | null | undefined; prompt?: string | null | undefined; configuration?: Json | undefined; }'.
../../../server/storage.ts(652,9): error TS2353: Object literal may only specify known properties, and 'questionId' does not exist in type '{ name: string; agentId: number; nodeType: string; nodeId: string; order?: number | null | undefined; description?: string | null | undefined; prompt?: string | null | undefined; configuration?: Json | undefined; }'.
../../../server/storage.ts(669,7): error TS2353: Object literal may only specify known properties, and 'content' does not exist in type '{ name: string; agentId: number; nodeType: string; nodeId: string; order?: number | null | undefined; description?: string | null | undefined; prompt?: string | null | undefined; configuration?: Json | undefined; }'.
../../../server/storage.ts(680,9): error TS2353: Object literal may only specify known properties, and 'sourceNodeId' does not exist in type '{ agentId: number; fromNodeId: string; toNodeId: string; condition?: Json | undefined; isDefault?: boolean | null | undefined; }'.
../../../server/storage.ts(688,9): error TS2353: Object literal may only specify known properties, and 'sourceNodeId' does not exist in type '{ agentId: number; fromNodeId: string; toNodeId: string; condition?: Json | undefined; isDefault?: boolean | null | undefined; }'.
../../../server/storage.ts(698,9): error TS2353: Object literal may only specify known properties, and 'sourceNodeId' does not exist in type '{ agentId: number; fromNodeId: string; toNodeId: string; condition?: Json | undefined; isDefault?: boolean | null | undefined; }'.
../../../server/storage.ts(708,9): error TS2353: Object literal may only specify known properties, and 'sourceNodeId' does not exist in type '{ agentId: number; fromNodeId: string; toNodeId: string; condition?: Json | undefined; isDefault?: boolean | null | undefined; }'.
../../../server/vite.ts(42,5): error TS2322: Type '{ middlewareMode: boolean; hmr: { server: Server<typeof IncomingMessage, typeof ServerResponse>; }; allowedHosts: boolean; }' is not assignable to type 'ServerOptions'.
  Types of property 'allowedHosts' are incompatible.
    Type 'boolean' is not assignable to type 'true | string[] | undefined'.
 ELIFECYCLE  Command failed with exit code 2.
